ALTIUM DESIGNER - NEW ROUTER INTERFACE
Design File : peregrine3
Date        : 11/13/2012
Start Time  : 8:43:16 PM
End   Time  : 8:43:17 PM


Total errors encountered: 8
Total warnings encountered: 2


ERROR: Unexpected token <EAGLE> in line 6
ERROR: Unexpected token <VERSION> in line 6
ERROR: Unexpected token <6.2.0> in line 6
ERROR: Unexpected token <COPYRIGHT> in line 6
ERROR: Unexpected token <C> in line 6
ERROR: Unexpected token <1988-2012> in line 6
ERROR: Unexpected token <CADSOFT> in line 6
WARNING: Skipped block between lines: 26-26, from keyword: VIA_AT_SMD
WARNING: Board offseted to fit in Protel workspace. Please check current board origin
ERROR: Unexpected token <> in line 1936
Pin C1-1 has no net assigned.
Pin C1-2 has no net assigned.
Pin C2-1 has no net assigned.
Pin C2-2 has no net assigned.
Pin C3-1 has no net assigned.
Pin C3-2 has no net assigned.
Pin C4-1 has no net assigned.
Pin C4-2 has no net assigned.
Pin C5-1 has no net assigned.
Pin C5-2 has no net assigned.
Pin C6-1 has no net assigned.
Pin C6-2 has no net assigned.
Pin C7-1 has no net assigned.
Pin C7-2 has no net assigned.
Pin C8-1 has no net assigned.
Pin C8-2 has no net assigned.
Pin C9-1 has no net assigned.
Pin C9-2 has no net assigned.
Pin C10-1 has no net assigned.
Pin C10-2 has no net assigned.
Pin C11-1 has no net assigned.
Pin C11-2 has no net assigned.
Pin C12-1 has no net assigned.
Pin C12-2 has no net assigned.
Pin C13-1 has no net assigned.
Pin C13-2 has no net assigned.
Pin C14-1 has no net assigned.
Pin C14-2 has no net assigned.
Pin C21-1 has no net assigned.
Pin C21-2 has no net assigned.
Pin C23-1 has no net assigned.
Pin C23-2 has no net assigned.
Pin C24-1 has no net assigned.
Pin C24-2 has no net assigned.
Pin C25-1 has no net assigned.
Pin C25-2 has no net assigned.
Pin C26-1 has no net assigned.
Pin C26-2 has no net assigned.
Pin C27-+ has no net assigned.
Pin C27-- has no net assigned.
Pin C28-1 has no net assigned.
Pin C28-2 has no net assigned.
Pin C31-1 has no net assigned.
Pin C31-2 has no net assigned.
Pin C32-1 has no net assigned.
Pin C32-2 has no net assigned.
Pin D2-A has no net assigned.
Pin D2-C has no net assigned.
Pin F1-1 has no net assigned.
Pin F1-2 has no net assigned.
Pin GPS-1 has no net assigned.
Pin GPS-2 has no net assigned.
Pin GPS-3 has no net assigned.
Pin GPS-4 has no net assigned.
Pin GPS-5 has no net assigned.
Pin GPS-P$1 has no net assigned.
Pin GPS-P$2 has no net assigned.
Pin IC2-1 has no net assigned.
Pin IC2-2 has no net assigned.
Pin IC2-3 has no net assigned.
Pin IC2-4 has no net assigned.
Pin IC2-5 has no net assigned.
Pin IC2-6 has no net assigned.
Pin IC2-7 has no net assigned.
Pin IC2-8 has no net assigned.
Pin ICSP-1 has no net assigned.
Pin ICSP-2 has no net assigned.
Pin ICSP-3 has no net assigned.
Pin ICSP-4 has no net assigned.
Pin ICSP-5 has no net assigned.
Pin ICSP-6 has no net assigned.
Pin J1-P1 has no net assigned.
Pin J1-P2 has no net assigned.
Pin J1-P3 has no net assigned.
Pin J1-P4 has no net assigned.
Pin J1-P5 has no net assigned.
Pin J1-S1 has no net assigned.
Pin J1-S2 has no net assigned.
Pin J1-S3 has no net assigned.
Pin J1-S4 has no net assigned.
Pin J1-S5 has no net assigned.
Pin J1-S6 has no net assigned.
Pin JP1-1 has no net assigned.
Pin JP1-2 has no net assigned.
Pin JP1-3 has no net assigned.
Pin JP1-4 has no net assigned.
Pin JP1-5 has no net assigned.
Pin JP1-6 has no net assigned.
Pin JP2-1 has no net assigned.
Pin JP2-2 has no net assigned.
Pin JP2-3 has no net assigned.
Pin JP2-4 has no net assigned.
Pin JP2-5 has no net assigned.
Pin JP2-6 has no net assigned.
Pin JP3-1 has no net assigned.
Pin JP3-2 has no net assigned.
Pin JP3-3 has no net assigned.
Pin JP3-4 has no net assigned.
Pin JP4-1 has no net assigned.
Pin JP4-2 has no net assigned.
Pin JP4-3 has no net assigned.
Pin JP4-4 has no net assigned.
Pin JP4-5 has no net assigned.
Pin JP4-6 has no net assigned.
Pin JP5-1 has no net assigned.
Pin JP5-2 has no net assigned.
Pin JP5-3 has no net assigned.
Pin JP5-4 has no net assigned.
Pin JP5-5 has no net assigned.
Pin JP5-6 has no net assigned.
Pin JP5-7 has no net assigned.
Pin JP5-8 has no net assigned.
Pin JP5-9 has no net assigned.
Pin JP5-10 has no net assigned.
Pin JP5-11 has no net assigned.
Pin JP5-12 has no net assigned.
Pin JP5-13 has no net assigned.
Pin JP5-14 has no net assigned.
Pin JP5-15 has no net assigned.
Pin JP5-16 has no net assigned.
Pin JP5-17 has no net assigned.
Pin JP5-18 has no net assigned.
Pin JP5-19 has no net assigned.
Pin JP5-20 has no net assigned.
Pin JP5-21 has no net assigned.
Pin JP5-22 has no net assigned.
Pin JP5-23 has no net assigned.
Pin JP5-24 has no net assigned.
Pin JP5-25 has no net assigned.
Pin JP5-26 has no net assigned.
Pin JTAG_THRU-1 has no net assigned.
Pin JTAG_THRU-2 has no net assigned.
Pin JTAG_THRU-3 has no net assigned.
Pin JTAG_THRU-4 has no net assigned.
Pin JTAG_THRU-5 has no net assigned.
Pin JTAG_THRU-6 has no net assigned.
Pin JTAG_THRU-7 has no net assigned.
Pin JTAG_THRU-8 has no net assigned.
Pin L-A has no net assigned.
Pin L-C has no net assigned.
Pin L1-1 has no net assigned.
Pin L1-2 has no net assigned.
Pin L2-1 has no net assigned.
Pin L2-2 has no net assigned.
Pin LED1-A has no net assigned.
Pin LED1-C has no net assigned.
Pin ON-A has no net assigned.
Pin ON-C has no net assigned.
Pin R1-1 has no net assigned.
Pin R1-2 has no net assigned.
Pin R2-1 has no net assigned.
Pin R2-2 has no net assigned.
Pin R3-1 has no net assigned.
Pin R3-2 has no net assigned.
Pin R5-1 has no net assigned.
Pin R5-2 has no net assigned.
Pin R6-1 has no net assigned.
Pin R6-2 has no net assigned.
Pin R7-1 has no net assigned.
Pin R7-2 has no net assigned.
Pin REC-1 has no net assigned.
Pin REC-2 has no net assigned.
Pin REC-3 has no net assigned.
Pin REC-4 has no net assigned.
Pin REC-5 has no net assigned.
Pin REC-6 has no net assigned.
Pin REC_POWER-1 has no net assigned.
Pin REC_POWER-2 has no net assigned.
Pin RESET-1 has no net assigned.
Pin RESET-2 has no net assigned.
Pin RESET-3 has no net assigned.
Pin RESET-4 has no net assigned.
Pin RESET-5 has no net assigned.
Pin RN1-1 has no net assigned.
Pin RN1-2 has no net assigned.
Pin RN1-3 has no net assigned.
Pin RN1-4 has no net assigned.
Pin RN1-5 has no net assigned.
Pin RN1-6 has no net assigned.
Pin RN1-7 has no net assigned.
Pin RN1-8 has no net assigned.
Pin RN2-1 has no net assigned.
Pin RN2-2 has no net assigned.
Pin RN2-3 has no net assigned.
Pin RN2-4 has no net assigned.
Pin RN2-5 has no net assigned.
Pin RN2-6 has no net assigned.
Pin RN2-7 has no net assigned.
Pin RN2-8 has no net assigned.
Pin RN3-1 has no net assigned.
Pin RN3-2 has no net assigned.
Pin RN3-3 has no net assigned.
Pin RN3-4 has no net assigned.
Pin RN3-5 has no net assigned.
Pin RN3-6 has no net assigned.
Pin RN3-7 has no net assigned.
Pin RN3-8 has no net assigned.
Pin RX-A has no net assigned.
Pin RX-C has no net assigned.
Pin SJ1-1 has no net assigned.
Pin SJ1-2 has no net assigned.
Pin SJ2-1 has no net assigned.
Pin SJ2-2 has no net assigned.
Pin SJ3-1 has no net assigned.
Pin SJ3-2 has no net assigned.
Pin SJ4-1 has no net assigned.
Pin SJ4-2 has no net assigned.
Pin SJ5-1 has no net assigned.
Pin SJ5-2 has no net assigned.
Pin SJ6-1 has no net assigned.
Pin SJ6-2 has no net assigned.
Pin TX-A has no net assigned.
Pin TX-C has no net assigned.
Pin U$2-1 has no net assigned.
Pin U$2-2 has no net assigned.
Pin U$2-3 has no net assigned.
Pin U$2-4 has no net assigned.
Pin U$2-5 has no net assigned.
Pin U$2-6 has no net assigned.
Pin U$2-7 has no net assigned.
Pin U$2-8 has no net assigned.
Pin U$2-9 has no net assigned.
Pin U$2-10 has no net assigned.
Pin U$2-11 has no net assigned.
Pin U$2-12 has no net assigned.
Pin U$2-13 has no net assigned.
Pin U$2-14 has no net assigned.
Pin U$2-15 has no net assigned.
Pin U$2-16 has no net assigned.
Pin U$3-1 has no net assigned.
Pin U$3-2 has no net assigned.
Pin U$3-3 has no net assigned.
Pin U$3-4 has no net assigned.
Pin U$3-5 has no net assigned.
Pin U$3-6 has no net assigned.
Pin U$3-7 has no net assigned.
Pin U$3-8 has no net assigned.
Pin U$4-1 has no net assigned.
Pin U$4-2 has no net assigned.
Pin U$4-3 has no net assigned.
Pin U$4-4 has no net assigned.
Pin U$4-5 has no net assigned.
Pin U$4-6 has no net assigned.
Pin U$4-7 has no net assigned.
Pin U$4-8 has no net assigned.
Pin U1-1 has no net assigned.
Pin U1-2 has no net assigned.
Pin U1-3 has no net assigned.
Pin U1-4 has no net assigned.
Pin U1-5 has no net assigned.
Pin U1-6 has no net assigned.
Pin U1-7 has no net assigned.
Pin U1-8 has no net assigned.
Pin U1-9 has no net assigned.
Pin U1-10 has no net assigned.
Pin U1-11 has no net assigned.
Pin U1-12 has no net assigned.
Pin U1-13 has no net assigned.
Pin U1-14 has no net assigned.
Pin U1-15 has no net assigned.
Pin U1-16 has no net assigned.
Pin U1-17 has no net assigned.
Pin U1-18 has no net assigned.
Pin U1-19 has no net assigned.
Pin U1-20 has no net assigned.
Pin U1-21 has no net assigned.
Pin U1-22 has no net assigned.
Pin U1-23 has no net assigned.
Pin U1-24 has no net assigned.
Pin U2-1 has no net assigned.
Pin U2-2 has no net assigned.
Pin U2-3 has no net assigned.
Pin U2-4 has no net assigned.
Pin U2-5 has no net assigned.
Pin U2-6 has no net assigned.
Pin U2-7 has no net assigned.
Pin U2-8 has no net assigned.
Pin U2-9 has no net assigned.
Pin U2-10 has no net assigned.
Pin U2-11 has no net assigned.
Pin U2-12 has no net assigned.
Pin U2-13 has no net assigned.
Pin U2-14 has no net assigned.
Pin U4-1 has no net assigned.
Pin U4-2 has no net assigned.
Pin U4-3 has no net assigned.
Pin U4-4 has no net assigned.
Pin U4-5 has no net assigned.
Pin U5-1 has no net assigned.
Pin U5-2 has no net assigned.
Pin U5-3 has no net assigned.
Pin U5-4 has no net assigned.
Pin U5-5 has no net assigned.
Pin U5-6 has no net assigned.
Pin U5-7 has no net assigned.
Pin U5-8 has no net assigned.
Pin U5-9 has no net assigned.
Pin U5-10 has no net assigned.
Pin U5-11 has no net assigned.
Pin U5-12 has no net assigned.
Pin U5-13 has no net assigned.
Pin U5-14 has no net assigned.
Pin U5-15 has no net assigned.
Pin U5-16 has no net assigned.
Pin U5-17 has no net assigned.
Pin U5-18 has no net assigned.
Pin U5-19 has no net assigned.
Pin U5-20 has no net assigned.
Pin U5-21 has no net assigned.
Pin U5-22 has no net assigned.
Pin U5-23 has no net assigned.
Pin U5-24 has no net assigned.
Pin U5-25 has no net assigned.
Pin U5-26 has no net assigned.
Pin U5-27 has no net assigned.
Pin U5-28 has no net assigned.
Pin U5-29 has no net assigned.
Pin U5-30 has no net assigned.
Pin U5-31 has no net assigned.
Pin U5-32 has no net assigned.
Pin U5-33 has no net assigned.
Pin U5-34 has no net assigned.
Pin U5-35 has no net assigned.
Pin U5-36 has no net assigned.
Pin U5-37 has no net assigned.
Pin U5-38 has no net assigned.
Pin U5-39 has no net assigned.
Pin U5-40 has no net assigned.
Pin U5-41 has no net assigned.
Pin U5-42 has no net assigned.
Pin U5-43 has no net assigned.
Pin U5-44 has no net assigned.
Pin U5-P$1 has no net assigned.
Pin Y1-1 has no net assigned.
Pin Y1-2 has no net assigned.
Pin Y1-3 has no net assigned.
Pin Y1-4 has no net assigned.
Pin Z1-1 has no net assigned.
Pin Z1-2 has no net assigned.
Pin Z2-1 has no net assigned.
Pin Z2-2 has no net assigned.
